<?xml version="1.0" encoding="UTF-8"?>
<!-- Generated by org.testng.reporters.JUnitReportReporter -->
<testsuite hostname="CBT-075" name="com.houzify.scripts.MyProfileTest" tests="1" failures="0" timestamp="5 Jan 2016 18:11:43 GMT" time="142.563" errors="0">
  <testcase name="testSwipeFavouriteImages" time="142.563" classname="com.houzify.scripts.MyProfileTest"/>
</testsuite> <!-- com.houzify.scripts.MyProfileTest -->
