<?xml version="1.0" encoding="UTF-8"?>
<!-- Generated by org.testng.reporters.JUnitReportReporter -->
<testsuite hostname="CBT-075" name="com.houzify.scripts.HomeTest" tests="1" failures="0" timestamp="5 Jan 2016 17:50:22 GMT" time="157.734" errors="0">
  <testcase name="testHomeBrowseimage" time="157.734" classname="com.houzify.scripts.HomeTest"/>
</testsuite> <!-- com.houzify.scripts.HomeTest -->
