<?xml version="1.0" encoding="UTF-8"?>
<!-- Generated by org.testng.reporters.JUnitReportReporter -->
<testsuite hostname="CBT-075" name="com.houzify.scripts.TutorialTest" tests="1" failures="0" timestamp="5 Jan 2016 18:05:26 GMT" time="108.860" errors="0">
  <testcase name="testTutorial" time="108.860" classname="com.houzify.scripts.TutorialTest"/>
</testsuite> <!-- com.houzify.scripts.TutorialTest -->
