<?xml version="1.0" encoding="UTF-8"?>
<!-- Generated by org.testng.reporters.JUnitReportReporter -->
<testsuite hostname="CBT-075" name="com.houzify.scripts.TopPicksTest" tests="1" failures="0" timestamp="5 Jan 2016 17:50:22 GMT" time="86.215" errors="0">
  <testcase name="testTopPicksBrowse10images" time="86.215" classname="com.houzify.scripts.TopPicksTest"/>
</testsuite> <!-- com.houzify.scripts.TopPicksTest -->
