<?xml version="1.0" encoding="UTF-8"?>
<!-- Generated by org.testng.reporters.JUnitReportReporter -->
<testsuite hostname="CBT-075" name="com.houzify.scripts.TopPicksTest" tests="1" failures="0" timestamp="8 Jan 2016 06:22:59 GMT" time="95.231" errors="0">
  <testcase name="testTopPicksBrowse10images" time="95.231" classname="com.houzify.scripts.TopPicksTest"/>
</testsuite> <!-- com.houzify.scripts.TopPicksTest -->
