<?xml version="1.0" encoding="UTF-8"?>
<!-- Generated by org.testng.reporters.JUnitReportReporter -->
<testsuite hostname="CBT-075" name="com.houzify.scripts.HomeTest" tests="1" failures="0" timestamp="8 Jan 2016 06:22:59 GMT" time="185.851" errors="0">
  <testcase name="testHomeBrowseimage" time="185.851" classname="com.houzify.scripts.HomeTest"/>
</testsuite> <!-- com.houzify.scripts.HomeTest -->
