<?xml version="1.0" encoding="UTF-8"?>
<!-- Generated by org.testng.reporters.JUnitReportReporter -->
<testsuite hostname="CBT-075" name="com.houzify.scripts.FilterTest" tests="2" failures="0" timestamp="8 Jan 2016 06:22:59 GMT" time="229.119" errors="0">
  <testcase name="testFilterBrowse10images" time="105.853" classname="com.houzify.scripts.FilterTest"/>
  <testcase name="testFilterBrowse15images" time="123.266" classname="com.houzify.scripts.FilterTest"/>
</testsuite> <!-- com.houzify.scripts.FilterTest -->
